TOOL:	ncsim	04.10-b001: Started on Dec 09, 2003 at 12:18:10
ncsim
    -LICQUEUE
    -f ./ncsim.args
        -MESSAGES
        -NOCOPYRIGHT
        -CDSLIB ../bin/cds.lib
        -HDLVAR ../bin/hdl.var
        -INPUT ncsim.tcl
        -LOGFILE ../log/ncsim.log
        worklib.bench:rtl

Loading snapshot worklib.bench:rtl .................... Done
ncsim> source /shared/tools/ncsim/tools/inca/files/ncsimrc
ncsim> run

###
### GPIO IP Core Verification ###
###

I. Testing correct operation of RGPIO_CTRL control bits

  Testing control bit RGPIO_CTRL[ECLK] ................................................................................................................................................................................................................................................................................................................................................................................................................................................................................................................................................................................................................................................................................................................................................................................................................................................................................................................................................................................................................................................................................................................................................................................................................................................................................................................................................................................................................................................................................................................................................................................................................................................................................................................................................................................................................................................................................................................................................................................................................................................................................... OK
  Testing control bit RGPIO_CTRL[NEC] ................................................................................................................................................................................................................................................................................................................................................................................................................................................................................................................................................................................................................................................................................................................................................................................................................................................................................................................................................................................................................................................................................................................................................................................................................................................................................................................................................................................................................................................................................................................................................................................................................................................................................................................................................................................................................................................................................................................................................................................................................................................................................... OK
  Testing control bit RGPIO_CTRL[INTE] and RGPIO_CTRL[INT] ... OK

II. Testing modes of operation ...

  Testing input mode ... OK
  Testing output mode ... OK
  Testing bidirectional I/O ... OK
  Testing auxiliary feature ... OK
  Testing ptrig features ... OK

###
### FAILED TESTS:           0 ###
###

report (deaddead)
exit (00000000)
/projects/highland/gorand/gpio/bench/verilog/tb_tasks.v:1009   $finish(0);
ncsim> quit
TOOL:	ncsim	04.10-b001: Exiting on Dec 09, 2003 at 12:21:32  (total: 00:03:22)
